Started GET "/" for ::1 at 2023-12-18 23:37:31 +0900
Processing by Rails::WelcomeController#index as HTML
  Rendering C:/Ruby27-x64/lib/ruby/gems/2.7.0/gems/railties-5.2.8.1/lib/rails/templates/rails/welcome/index.html.erb
  Rendered C:/Ruby27-x64/lib/ruby/gems/2.7.0/gems/railties-5.2.8.1/lib/rails/templates/rails/welcome/index.html.erb (11.6ms)
Completed 200 OK in 49ms (Views: 42.5ms | ActiveRecord: 0.0ms)


  [1m[35m (0.1ms)[0m  [1m[34mSELECT sqlite_version(*)[0m
  ↳ bin/rails:4
  [1m[35m (9.8ms)[0m  [1m[35mCREATE TABLE "schema_migrations" ("version" varchar NOT NULL PRIMARY KEY)[0m
  ↳ bin/rails:4
  [1m[35m (6.6ms)[0m  [1m[35mCREATE TABLE "ar_internal_metadata" ("key" varchar NOT NULL PRIMARY KEY, "value" varchar, "created_at" datetime NOT NULL, "updated_at" datetime NOT NULL)[0m
  ↳ bin/rails:4
  [1m[35m (0.3ms)[0m  [1m[34mSELECT "schema_migrations"."version" FROM "schema_migrations" ORDER BY "schema_migrations"."version" ASC[0m
  ↳ bin/rails:4
Migrating to CreatePosts (20231218144714)
  [1m[35m (0.1ms)[0m  [1m[36mbegin transaction[0m
  ↳ bin/rails:4
  [1m[35m (1.3ms)[0m  [1m[35mCREATE TABLE "posts" ("id" integer PRIMARY KEY AUTOINCREMENT NOT NULL, "title" varchar, "content" text, "created_at" datetime NOT NULL, "updated_at" datetime NOT NULL)[0m
  ↳ db/migrate/20231218144714_create_posts.rb:3
  [1m[36mActiveRecord::SchemaMigration Create (0.2ms)[0m  [1m[32mINSERT INTO "schema_migrations" ("version") VALUES (?)[0m  [["version", "20231218144714"]]
  ↳ bin/rails:4
  [1m[35m (5.3ms)[0m  [1m[36mcommit transaction[0m
  ↳ bin/rails:4
  [1m[36mActiveRecord::InternalMetadata Load (0.5ms)[0m  [1m[34mSELECT  "ar_internal_metadata".* FROM "ar_internal_metadata" WHERE "ar_internal_metadata"."key" = ? LIMIT ?[0m  [["key", "environment"], ["LIMIT", 1]]
  ↳ bin/rails:4
  [1m[35m (0.1ms)[0m  [1m[36mbegin transaction[0m
  ↳ bin/rails:4
  [1m[36mActiveRecord::InternalMetadata Create (1.5ms)[0m  [1m[32mINSERT INTO "ar_internal_metadata" ("key", "value", "created_at", "updated_at") VALUES (?, ?, ?, ?)[0m  [["key", "environment"], ["value", "development"], ["created_at", "2023-12-18 14:47:36.075803"], ["updated_at", "2023-12-18 14:47:36.075803"]]
  ↳ bin/rails:4
  [1m[35m (5.3ms)[0m  [1m[36mcommit transaction[0m
  ↳ bin/rails:4
  [1m[35m (0.2ms)[0m  [1m[34mSELECT "schema_migrations"."version" FROM "schema_migrations" ORDER BY "schema_migrations"."version" ASC[0m
  ↳ bin/rails:4
Started GET "/" for ::1 at 2023-12-19 00:00:36 +0900
  [1m[35m (0.4ms)[0m  [1m[34mSELECT "schema_migrations"."version" FROM "schema_migrations" ORDER BY "schema_migrations"."version" ASC[0m
  ↳ C:/Ruby27-x64/lib/ruby/gems/2.7.0/gems/activerecord-5.2.8.1/lib/active_record/log_subscriber.rb:98
Processing by Rails::WelcomeController#index as HTML
  Rendering C:/Ruby27-x64/lib/ruby/gems/2.7.0/gems/railties-5.2.8.1/lib/rails/templates/rails/welcome/index.html.erb
  Rendered C:/Ruby27-x64/lib/ruby/gems/2.7.0/gems/railties-5.2.8.1/lib/rails/templates/rails/welcome/index.html.erb (3.6ms)
Completed 200 OK in 25ms (Views: 15.5ms | ActiveRecord: 0.0ms)


Started GET "/posts" for ::1 at 2023-12-19 00:00:53 +0900
Processing by PostsController#index as HTML
  Rendering posts/index.html.erb within layouts/application
  [1m[36mPost Load (0.4ms)[0m  [1m[34mSELECT "posts".* FROM "posts"[0m
  ↳ app/views/posts/index.html.erb:15
  Rendered posts/index.html.erb within layouts/application (3.3ms)
Completed 200 OK in 737ms (Views: 720.1ms | ActiveRecord: 0.8ms)


Started GET "/" for ::1 at 2023-12-19 00:04:49 +0900
  [1m[35m (0.2ms)[0m  [1m[34mSELECT "schema_migrations"."version" FROM "schema_migrations" ORDER BY "schema_migrations"."version" ASC[0m
  ↳ C:/Ruby27-x64/lib/ruby/gems/2.7.0/gems/activerecord-5.2.8.1/lib/active_record/log_subscriber.rb:98
Processing by PostsController#index as HTML
  Rendering posts/index.html.erb within layouts/application
  [1m[36mPost Load (0.3ms)[0m  [1m[34mSELECT "posts".* FROM "posts"[0m
  ↳ app/views/posts/index.html.erb:15
  Rendered posts/index.html.erb within layouts/application (6.7ms)
Completed 200 OK in 285ms (Views: 267.7ms | ActiveRecord: 0.9ms)


Started GET "/posts/new" for ::1 at 2023-12-19 00:10:10 +0900
Processing by PostsController#new as HTML
  Rendering posts/new.html.erb within layouts/application
  Rendered posts/_form.html.erb (392.2ms)
  Rendered posts/new.html.erb within layouts/application (398.7ms)
Completed 200 OK in 492ms (Views: 478.4ms | ActiveRecord: 1.0ms)


Started GET "/posts" for ::1 at 2023-12-19 00:12:19 +0900
Processing by PostsController#index as HTML
  Rendering posts/index.html.erb within layouts/application
  [1m[36mPost Load (0.3ms)[0m  [1m[34mSELECT "posts".* FROM "posts"[0m
  ↳ app/views/posts/index.html.erb:15
  Rendered posts/index.html.erb within layouts/application (2.0ms)
Completed 200 OK in 95ms (Views: 91.4ms | ActiveRecord: 0.3ms)


Started GET "/posts/new" for ::1 at 2023-12-19 00:24:27 +0900
Processing by PostsController#new as HTML
  Rendering posts/new.html.erb within layouts/application
  Rendered posts/_form.html.erb (3.6ms)
  Rendered posts/new.html.erb within layouts/application (9.4ms)
Completed 200 OK in 117ms (Views: 110.7ms | ActiveRecord: 0.0ms)


Started POST "/posts" for ::1 at 2023-12-19 00:24:36 +0900
Processing by PostsController#create as HTML
  Parameters: {"utf8"=>"✓", "authenticity_token"=>"OZouABbiEZTTy5wlzGkGd7ueTPZZdNz/X/wnA5QXr2nkcOrwiBMLrtkse7UlusUMWQVCeQzzvwmq8xF708v5AQ==", "post"=>{"title"=>"1", "content"=>"aaa"}, "commit"=>"Create Post"}
  [1m[35m (0.1ms)[0m  [1m[36mbegin transaction[0m
  ↳ app/controllers/posts_controller.rb:27
  [1m[36mPost Create (1.4ms)[0m  [1m[32mINSERT INTO "posts" ("title", "content", "created_at", "updated_at") VALUES (?, ?, ?, ?)[0m  [["title", "1"], ["content", "aaa"], ["created_at", "2023-12-18 15:24:36.354934"], ["updated_at", "2023-12-18 15:24:36.354934"]]
  ↳ app/controllers/posts_controller.rb:27
  [1m[35m (5.4ms)[0m  [1m[36mcommit transaction[0m
  ↳ app/controllers/posts_controller.rb:27
Redirected to http://localhost:3000/posts/1
Completed 302 Found in 14ms (ActiveRecord: 6.8ms)


Started GET "/posts/1" for ::1 at 2023-12-19 00:24:36 +0900
Processing by PostsController#show as HTML
  Parameters: {"id"=>"1"}
  [1m[36mPost Load (0.3ms)[0m  [1m[34mSELECT  "posts".* FROM "posts" WHERE "posts"."id" = ? LIMIT ?[0m  [["id", 1], ["LIMIT", 1]]
  ↳ app/controllers/posts_controller.rb:63
  Rendering posts/show.html.erb within layouts/application
  Rendered posts/show.html.erb within layouts/application (0.9ms)
Completed 200 OK in 78ms (Views: 66.8ms | ActiveRecord: 0.3ms)


Started GET "/posts" for ::1 at 2023-12-19 00:24:43 +0900
Processing by PostsController#index as HTML
  Rendering posts/index.html.erb within layouts/application
  [1m[36mPost Load (1.1ms)[0m  [1m[34mSELECT "posts".* FROM "posts"[0m
  ↳ app/views/posts/index.html.erb:15
  Rendered posts/index.html.erb within layouts/application (3.9ms)
Completed 200 OK in 93ms (Views: 87.0ms | ActiveRecord: 1.1ms)


Started GET "/" for ::1 at 2023-12-19 12:50:26 +0900
  [1m[35m (0.7ms)[0m  [1m[34mSELECT "schema_migrations"."version" FROM "schema_migrations" ORDER BY "schema_migrations"."version" ASC[0m
  ↳ C:/Ruby27-x64/lib/ruby/gems/2.7.0/gems/activerecord-5.2.8.1/lib/active_record/log_subscriber.rb:98
Processing by PostsController#index as HTML
  Rendering posts/index.html.erb within layouts/application
  [1m[36mPost Load (1.6ms)[0m  [1m[34mSELECT "posts".* FROM "posts"[0m
  ↳ app/views/posts/index.html.erb:15
  Rendered posts/index.html.erb within layouts/application (57.2ms)
Completed 200 OK in 1252ms (Views: 1127.1ms | ActiveRecord: 7.5ms)


Started GET "/" for ::1 at 2023-12-19 12:53:33 +0900
Processing by PostsController#index as HTML
  Rendering posts/index.html.erb within layouts/application
  [1m[36mPost Load (0.5ms)[0m  [1m[34mSELECT "posts".* FROM "posts"[0m
  ↳ app/views/posts/index.html.erb:15
  Rendered posts/index.html.erb within layouts/application (44.2ms)
Completed 200 OK in 316ms (Views: 299.6ms | ActiveRecord: 0.5ms)


Started GET "/" for ::1 at 2023-12-19 13:01:59 +0900
  [1m[35m (1.1ms)[0m  [1m[34mSELECT "schema_migrations"."version" FROM "schema_migrations" ORDER BY "schema_migrations"."version" ASC[0m
  ↳ C:/Ruby27-x64/lib/ruby/gems/2.7.0/gems/activerecord-5.2.8.1/lib/active_record/log_subscriber.rb:98
Processing by PostsController#index as HTML
  Rendering posts/index.html.erb within layouts/application
  [1m[36mPost Load (0.9ms)[0m  [1m[34mSELECT "posts".* FROM "posts"[0m
  ↳ app/views/posts/index.html.erb:15
  Rendered posts/index.html.erb within layouts/application (125.6ms)
  Rendered layouts/_header.html.erb (0.5ms)
  Rendered layouts/_footer.html.erb (0.4ms)
Completed 200 OK in 1192ms (Views: 1151.7ms | ActiveRecord: 3.8ms)


Started GET "/" for ::1 at 2023-12-23 21:33:32 +0900
  [1m[35m (0.3ms)[0m  [1m[34mSELECT "schema_migrations"."version" FROM "schema_migrations" ORDER BY "schema_migrations"."version" ASC[0m
  ↳ C:/Ruby27-x64/lib/ruby/gems/2.7.0/gems/activerecord-5.2.8.1/lib/active_record/log_subscriber.rb:98
Processing by PostsController#index as HTML
  Rendering posts/index.html.erb within layouts/application
  [1m[36mPost Load (0.4ms)[0m  [1m[34mSELECT "posts".* FROM "posts"[0m
  ↳ app/views/posts/index.html.erb:3
  Rendered collection of posts/_post.html.erb [1 times] (1.6ms)
  Rendered posts/index.html.erb within layouts/application (19.1ms)
  Rendered layouts/_header.html.erb (0.5ms)
  Rendered layouts/_footer.html.erb (0.4ms)
Completed 200 OK in 610ms (Views: 576.2ms | ActiveRecord: 2.6ms)


Started GET "/posts/1" for ::1 at 2023-12-23 22:13:30 +0900
Processing by PostsController#show as HTML
  Parameters: {"id"=>"1"}
  [1m[36mPost Load (0.5ms)[0m  [1m[34mSELECT  "posts".* FROM "posts" WHERE "posts"."id" = ? LIMIT ?[0m  [["id", 1], ["LIMIT", 1]]
  ↳ app/controllers/posts_controller.rb:63
  Rendering posts/show.html.erb within layouts/application
  Rendered posts/show.html.erb within layouts/application (1.1ms)
  Rendered layouts/_header.html.erb (0.4ms)
  Rendered layouts/_footer.html.erb (0.3ms)
Completed 200 OK in 355ms (Views: 116.3ms | ActiveRecord: 0.5ms)


Started GET "/posts/1" for ::1 at 2023-12-23 22:14:15 +0900
Processing by PostsController#show as HTML
  Parameters: {"id"=>"1"}
  [1m[36mPost Load (0.3ms)[0m  [1m[34mSELECT  "posts".* FROM "posts" WHERE "posts"."id" = ? LIMIT ?[0m  [["id", 1], ["LIMIT", 1]]
  ↳ app/controllers/posts_controller.rb:63
  Rendering posts/show.html.erb within layouts/application
  Rendered posts/_post.html.erb (1.2ms)
  Rendered posts/show.html.erb within layouts/application (7.3ms)
  Rendered layouts/_header.html.erb (0.5ms)
  Rendered layouts/_footer.html.erb (0.4ms)
Completed 200 OK in 154ms (Views: 148.0ms | ActiveRecord: 0.3ms)


Started GET "/posts/1/edit" for ::1 at 2023-12-23 22:14:46 +0900
Processing by PostsController#edit as HTML
  Parameters: {"id"=>"1"}
  [1m[36mPost Load (0.3ms)[0m  [1m[34mSELECT  "posts".* FROM "posts" WHERE "posts"."id" = ? LIMIT ?[0m  [["id", 1], ["LIMIT", 1]]
  ↳ app/controllers/posts_controller.rb:63
  Rendering posts/edit.html.erb within layouts/application
  Rendered posts/_form.html.erb (219.0ms)
  Rendered posts/edit.html.erb within layouts/application (227.5ms)
  Rendered layouts/_header.html.erb (0.3ms)
  Rendered layouts/_footer.html.erb (0.4ms)
Completed 200 OK in 329ms (Views: 322.8ms | ActiveRecord: 0.3ms)


Started GET "/posts/1/edit" for ::1 at 2023-12-23 22:19:41 +0900
Processing by PostsController#edit as HTML
  Parameters: {"id"=>"1"}
  [1m[36mPost Load (0.4ms)[0m  [1m[34mSELECT  "posts".* FROM "posts" WHERE "posts"."id" = ? LIMIT ?[0m  [["id", 1], ["LIMIT", 1]]
  ↳ app/controllers/posts_controller.rb:63
  Rendering posts/edit.html.erb within layouts/application
  Rendered posts/_form.html.erb (3.2ms)
  Rendered posts/edit.html.erb within layouts/application (10.7ms)
  Rendered layouts/_header.html.erb (0.5ms)
  Rendered layouts/_footer.html.erb (0.4ms)
Completed 200 OK in 131ms (Views: 122.1ms | ActiveRecord: 0.4ms)


Started GET "/posts" for ::1 at 2023-12-23 22:19:51 +0900
Processing by PostsController#index as HTML
  Rendering posts/index.html.erb within layouts/application
  [1m[36mPost Load (0.5ms)[0m  [1m[34mSELECT "posts".* FROM "posts"[0m
  ↳ app/views/posts/index.html.erb:3
  Rendered collection of posts/_post.html.erb [1 times] (0.7ms)
  Rendered posts/index.html.erb within layouts/application (6.2ms)
  Rendered layouts/_header.html.erb (0.3ms)
  Rendered layouts/_footer.html.erb (0.2ms)
Completed 200 OK in 93ms (Views: 88.9ms | ActiveRecord: 0.5ms)


Started GET "/posts/new" for ::1 at 2023-12-23 22:19:56 +0900
Processing by PostsController#new as HTML
  Rendering posts/new.html.erb within layouts/application
  Rendered posts/_form.html.erb (1.4ms)
  Rendered posts/new.html.erb within layouts/application (5.2ms)
  Rendered layouts/_header.html.erb (0.3ms)
  Rendered layouts/_footer.html.erb (0.3ms)
Completed 200 OK in 80ms (Views: 76.4ms | ActiveRecord: 0.0ms)


Started GET "/posts" for ::1 at 2023-12-23 22:19:58 +0900
Processing by PostsController#index as HTML
  Rendering posts/index.html.erb within layouts/application
  [1m[36mPost Load (0.3ms)[0m  [1m[34mSELECT "posts".* FROM "posts"[0m
  ↳ app/views/posts/index.html.erb:3
  Rendered collection of posts/_post.html.erb [1 times] (1.2ms)
  Rendered posts/index.html.erb within layouts/application (9.0ms)
  Rendered layouts/_header.html.erb (0.4ms)
  Rendered layouts/_footer.html.erb (0.2ms)
Completed 200 OK in 91ms (Views: 87.6ms | ActiveRecord: 0.3ms)


Started GET "/posts/1/edit" for ::1 at 2023-12-23 22:19:59 +0900
Processing by PostsController#edit as HTML
  Parameters: {"id"=>"1"}
  [1m[36mPost Load (0.3ms)[0m  [1m[34mSELECT  "posts".* FROM "posts" WHERE "posts"."id" = ? LIMIT ?[0m  [["id", 1], ["LIMIT", 1]]
  ↳ app/controllers/posts_controller.rb:63
  Rendering posts/edit.html.erb within layouts/application
  Rendered posts/_form.html.erb (2.6ms)
  Rendered posts/edit.html.erb within layouts/application (7.2ms)
  Rendered layouts/_header.html.erb (0.3ms)
  Rendered layouts/_footer.html.erb (0.4ms)
Completed 200 OK in 94ms (Views: 88.2ms | ActiveRecord: 0.3ms)


Started GET "/posts" for ::1 at 2023-12-23 22:20:00 +0900
Processing by PostsController#index as HTML
  Rendering posts/index.html.erb within layouts/application
  [1m[36mPost Load (0.2ms)[0m  [1m[34mSELECT "posts".* FROM "posts"[0m
  ↳ app/views/posts/index.html.erb:3
  Rendered collection of posts/_post.html.erb [1 times] (0.7ms)
  Rendered posts/index.html.erb within layouts/application (5.6ms)
  Rendered layouts/_header.html.erb (0.7ms)
  Rendered layouts/_footer.html.erb (0.3ms)
Completed 200 OK in 85ms (Views: 81.4ms | ActiveRecord: 0.2ms)


Started GET "/posts" for ::1 at 2023-12-23 22:25:55 +0900
  [1m[35m (0.2ms)[0m  [1m[34mSELECT "schema_migrations"."version" FROM "schema_migrations" ORDER BY "schema_migrations"."version" ASC[0m
  ↳ C:/Ruby27-x64/lib/ruby/gems/2.7.0/gems/activerecord-5.2.8.1/lib/active_record/log_subscriber.rb:98
Processing by PostsController#index as HTML
  Rendering posts/index.html.erb within layouts/application
  [1m[36mPost Load (0.3ms)[0m  [1m[34mSELECT "posts".* FROM "posts"[0m
  ↳ app/views/posts/index.html.erb:3
  Rendered collection of posts/_post.html.erb [1 times] (0.9ms)
  Rendered posts/index.html.erb within layouts/application (16.9ms)
  Rendered layouts/_header.html.erb (0.3ms)
  Rendered layouts/_footer.html.erb (0.4ms)
Completed 200 OK in 315ms (Views: 292.3ms | ActiveRecord: 2.4ms)


Started GET "/posts/new" for ::1 at 2023-12-23 22:25:57 +0900
Processing by PostsController#new as HTML
  Rendering posts/new.html.erb within layouts/application
  Rendered posts/_form.html.erb (21.9ms)
  Rendered posts/new.html.erb within layouts/application (27.3ms)
  Rendered layouts/_header.html.erb (0.4ms)
  Rendered layouts/_footer.html.erb (0.3ms)
Completed 200 OK in 143ms (Views: 139.0ms | ActiveRecord: 0.0ms)


Started POST "/posts" for ::1 at 2023-12-23 22:25:59 +0900
Processing by PostsController#create as HTML
  Parameters: {"utf8"=>"✓", "authenticity_token"=>"bven0jNjWD/Jd1X40RgC3xSrRFfalnvmsC8knjg7n9CwvjdqE5do4xfNQfoDtB8rO05js5Gcv4W3UxTPF3b/CA==", "post"=>{"title"=>"", "content"=>""}, "commit"=>"Create Post"}
  [1m[35m (0.1ms)[0m  [1m[36mbegin transaction[0m
  ↳ app/controllers/posts_controller.rb:27
  [1m[35m (0.1ms)[0m  [1m[31mrollback transaction[0m
  ↳ app/controllers/posts_controller.rb:27
  Rendering posts/new.html.erb within layouts/application
  Rendered posts/_form.html.erb (2.1ms)
  Rendered posts/new.html.erb within layouts/application (9.3ms)
  Rendered layouts/_header.html.erb (0.2ms)
  Rendered layouts/_footer.html.erb (0.3ms)
Completed 422 Unprocessable Entity in 101ms (Views: 91.6ms | ActiveRecord: 0.2ms)


Started GET "/posts" for ::1 at 2023-12-23 22:34:07 +0900
Processing by PostsController#index as HTML
  Rendering posts/index.html.erb within layouts/application
  [1m[36mPost Load (0.4ms)[0m  [1m[34mSELECT "posts".* FROM "posts"[0m
  ↳ app/views/posts/index.html.erb:3
  Rendered collection of posts/_post.html.erb [1 times] (5.5ms)
  Rendered posts/index.html.erb within layouts/application (15.4ms)
  Rendered layouts/_header.html.erb (0.4ms)
  Rendered layouts/_footer.html.erb (0.4ms)
Completed 200 OK in 393ms (Views: 383.7ms | ActiveRecord: 0.4ms)


Started GET "/posts/new" for ::1 at 2023-12-23 22:34:10 +0900
Processing by PostsController#new as HTML
  Rendering posts/new.html.erb within layouts/application
  Rendered posts/_form.html.erb (1.5ms)
  Rendered posts/new.html.erb within layouts/application (5.4ms)
  Rendered layouts/_header.html.erb (0.3ms)
  Rendered layouts/_footer.html.erb (0.2ms)
Completed 200 OK in 80ms (Views: 76.0ms | ActiveRecord: 0.0ms)


Started POST "/posts" for ::1 at 2023-12-23 22:34:12 +0900
Processing by PostsController#create as HTML
  Parameters: {"utf8"=>"✓", "authenticity_token"=>"Et1seAsRA451hbye5qJ9DPKwLi/MKePCCtSTVpv6VgbMlPzAK+UzUqs/qJw0DmD43VUJy4cjJ6ENqKMHtLc23g==", "post"=>{"title"=>"", "content"=>""}, "commit"=>"Create Post"}
  [1m[35m (0.1ms)[0m  [1m[36mbegin transaction[0m
  ↳ app/controllers/posts_controller.rb:27
  [1m[35m (0.0ms)[0m  [1m[31mrollback transaction[0m
  ↳ app/controllers/posts_controller.rb:27
  Rendering posts/new.html.erb within layouts/application
  Rendered posts/_form.html.erb (7.1ms)
  Rendered posts/new.html.erb within layouts/application (13.2ms)
  Rendered layouts/_header.html.erb (0.3ms)
  Rendered layouts/_footer.html.erb (0.2ms)
Completed 422 Unprocessable Entity in 100ms (Views: 96.3ms | ActiveRecord: 0.1ms)


Started GET "/posts" for ::1 at 2023-12-23 22:34:25 +0900
Processing by PostsController#index as HTML
  Rendering posts/index.html.erb within layouts/application
  [1m[36mPost Load (0.3ms)[0m  [1m[34mSELECT "posts".* FROM "posts"[0m
  ↳ app/views/posts/index.html.erb:3
  Rendered collection of posts/_post.html.erb [1 times] (0.7ms)
  Rendered posts/index.html.erb within layouts/application (7.1ms)
  Rendered layouts/_header.html.erb (0.5ms)
  Rendered layouts/_footer.html.erb (0.2ms)
Completed 200 OK in 86ms (Views: 82.3ms | ActiveRecord: 0.3ms)


Started GET "/posts" for ::1 at 2023-12-24 00:06:35 +0900
  [1m[35m (1.1ms)[0m  [1m[34mSELECT "schema_migrations"."version" FROM "schema_migrations" ORDER BY "schema_migrations"."version" ASC[0m
  ↳ C:/Ruby27-x64/lib/ruby/gems/2.7.0/gems/activerecord-5.2.8.1/lib/active_record/log_subscriber.rb:98
Processing by PostsController#index as HTML
  Rendering posts/index.html.erb within layouts/application
  [1m[36mPost Load (0.6ms)[0m  [1m[34mSELECT "posts".* FROM "posts"[0m
  ↳ app/views/posts/index.html.erb:3
  Rendered collection of posts/_post.html.erb [1 times] (2.4ms)
  Rendered posts/index.html.erb within layouts/application (25.3ms)
  Rendered layouts/_header.html.erb (0.3ms)
  Rendered layouts/_footer.html.erb (0.2ms)
Completed 200 OK in 452ms (Views: 421.5ms | ActiveRecord: 4.0ms)


Started GET "/posts" for ::1 at 2023-12-24 00:09:30 +0900
Processing by PostsController#index as HTML
  Rendering posts/index.html.erb within layouts/application
  [1m[36mPost Load (0.3ms)[0m  [1m[34mSELECT "posts".* FROM "posts"[0m
  ↳ app/views/posts/index.html.erb:3
  Rendered collection of posts/_post.html.erb [1 times] (1.2ms)
  Rendered posts/index.html.erb within layouts/application (8.1ms)
  Rendered layouts/_header.html.erb (0.4ms)
  Rendered layouts/_footer.html.erb (0.4ms)
Completed 200 OK in 158ms (Views: 152.8ms | ActiveRecord: 0.3ms)


Started GET "/posts" for ::1 at 2023-12-24 00:22:23 +0900
  [1m[35m (0.4ms)[0m  [1m[34mSELECT "schema_migrations"."version" FROM "schema_migrations" ORDER BY "schema_migrations"."version" ASC[0m
  ↳ C:/Ruby27-x64/lib/ruby/gems/2.7.0/gems/activerecord-5.2.8.1/lib/active_record/log_subscriber.rb:98
Processing by PostsController#index as HTML
  Rendering posts/index.html.erb within layouts/application
  [1m[36mPost Load (1.7ms)[0m  [1m[34mSELECT "posts".* FROM "posts"[0m
  ↳ app/views/posts/index.html.erb:3
  Rendered collection of posts/_post.html.erb [1 times] (1.8ms)
  Rendered posts/index.html.erb within layouts/application (27.9ms)
  Rendered layouts/_header.html.erb (0.4ms)
  Rendered layouts/_footer.html.erb (0.2ms)
Completed 200 OK in 371ms (Views: 346.4ms | ActiveRecord: 3.0ms)


Started GET "/posts" for ::1 at 2023-12-24 00:22:27 +0900
Processing by PostsController#index as HTML
  Rendering posts/index.html.erb within layouts/application
  [1m[36mPost Load (0.3ms)[0m  [1m[34mSELECT "posts".* FROM "posts"[0m
  ↳ app/views/posts/index.html.erb:3
  Rendered collection of posts/_post.html.erb [1 times] (1.2ms)
  Rendered posts/index.html.erb within layouts/application (9.4ms)
  Rendered layouts/_header.html.erb (0.4ms)
  Rendered layouts/_footer.html.erb (0.3ms)
Completed 200 OK in 105ms (Views: 101.6ms | ActiveRecord: 0.3ms)


Started GET "/posts" for ::1 at 2023-12-24 00:22:29 +0900
Processing by PostsController#index as HTML
  Rendering posts/index.html.erb within layouts/application
  [1m[36mPost Load (0.3ms)[0m  [1m[34mSELECT "posts".* FROM "posts"[0m
  ↳ app/views/posts/index.html.erb:3
  Rendered collection of posts/_post.html.erb [1 times] (0.8ms)
  Rendered posts/index.html.erb within layouts/application (7.8ms)
  Rendered layouts/_header.html.erb (0.4ms)
  Rendered layouts/_footer.html.erb (0.2ms)
Completed 200 OK in 88ms (Views: 83.8ms | ActiveRecord: 0.3ms)


Started GET "/posts" for ::1 at 2023-12-24 00:25:15 +0900
Processing by PostsController#index as HTML
  Rendering posts/index.html.erb within layouts/application
  [1m[36mPost Load (0.3ms)[0m  [1m[34mSELECT "posts".* FROM "posts"[0m
  ↳ app/views/posts/index.html.erb:3
  Rendered collection of posts/_post.html.erb [1 times] (1.2ms)
  Rendered posts/index.html.erb within layouts/application (8.2ms)
  Rendered layouts/_header.html.erb (0.7ms)
  Rendered layouts/_footer.html.erb (0.4ms)
Completed 200 OK in 238ms (Views: 233.5ms | ActiveRecord: 0.3ms)


Started GET "/posts" for ::1 at 2023-12-24 00:26:05 +0900
Processing by PostsController#index as HTML
  Rendering posts/index.html.erb within layouts/application
  [1m[36mPost Load (0.3ms)[0m  [1m[34mSELECT "posts".* FROM "posts"[0m
  ↳ app/views/posts/index.html.erb:3
  Rendered collection of posts/_post.html.erb [1 times] (1.3ms)
  Rendered posts/index.html.erb within layouts/application (8.4ms)
  Rendered layouts/_header.html.erb (0.7ms)
  Rendered layouts/_footer.html.erb (0.4ms)
Completed 200 OK in 127ms (Views: 122.2ms | ActiveRecord: 0.3ms)


Started GET "/posts" for ::1 at 2023-12-24 00:33:34 +0900
  [1m[35m (0.3ms)[0m  [1m[34mSELECT "schema_migrations"."version" FROM "schema_migrations" ORDER BY "schema_migrations"."version" ASC[0m
  ↳ C:/Ruby27-x64/lib/ruby/gems/2.7.0/gems/activerecord-5.2.8.1/lib/active_record/log_subscriber.rb:98
Processing by PostsController#index as HTML
  Rendering posts/index.html.erb within layouts/application
  [1m[36mPost Load (0.3ms)[0m  [1m[34mSELECT "posts".* FROM "posts"[0m
  ↳ app/views/posts/index.html.erb:3
  Rendered collection of posts/_post.html.erb [1 times] (1.5ms)
  Rendered posts/index.html.erb within layouts/application (23.1ms)
  Rendered layouts/_header.html.erb (0.4ms)
  Rendered layouts/_flash.html.erb (0.4ms)
  Rendered layouts/_footer.html.erb (0.3ms)
Completed 200 OK in 493ms (Views: 470.9ms | ActiveRecord: 1.3ms)


Started GET "/posts/new" for ::1 at 2023-12-24 00:33:41 +0900
Processing by PostsController#new as HTML
  Rendering posts/new.html.erb within layouts/application
  Rendered posts/_form.html.erb (22.6ms)
  Rendered posts/new.html.erb within layouts/application (28.6ms)
  Rendered layouts/_header.html.erb (0.4ms)
  Rendered layouts/_flash.html.erb (0.4ms)
  Rendered layouts/_footer.html.erb (0.3ms)
Completed 200 OK in 133ms (Views: 127.9ms | ActiveRecord: 0.0ms)


Started POST "/posts" for ::1 at 2023-12-24 00:33:52 +0900
Processing by PostsController#create as HTML
  Parameters: {"utf8"=>"✓", "authenticity_token"=>"PJ8d4n12UiYeRx6aWhsGXA3ZYTdc4yErEMbzNb2TtCri1o1aXYJi+sD9CpiItxuoIjxG0xfp5UgXusNkkt7U8g==", "post"=>{"title"=>"test", "content"=>"test"}, "commit"=>"Create Post"}
  [1m[35m (0.1ms)[0m  [1m[36mbegin transaction[0m
  ↳ app/controllers/posts_controller.rb:27
  [1m[36mPost Create (1.2ms)[0m  [1m[32mINSERT INTO "posts" ("title", "content", "created_at", "updated_at") VALUES (?, ?, ?, ?)[0m  [["title", "test"], ["content", "test"], ["created_at", "2023-12-23 15:33:52.582437"], ["updated_at", "2023-12-23 15:33:52.582437"]]
  ↳ app/controllers/posts_controller.rb:27
  [1m[35m (7.3ms)[0m  [1m[36mcommit transaction[0m
  ↳ app/controllers/posts_controller.rb:27
Redirected to http://localhost:3000/posts/2
Completed 302 Found in 19ms (ActiveRecord: 8.6ms)


Started GET "/posts/2" for ::1 at 2023-12-24 00:33:52 +0900
Processing by PostsController#show as HTML
  Parameters: {"id"=>"2"}
  [1m[36mPost Load (0.4ms)[0m  [1m[34mSELECT  "posts".* FROM "posts" WHERE "posts"."id" = ? LIMIT ?[0m  [["id", 2], ["LIMIT", 1]]
  ↳ app/controllers/posts_controller.rb:63
  Rendering posts/show.html.erb within layouts/application
  Rendered posts/_post.html.erb (1.2ms)
  Rendered posts/show.html.erb within layouts/application (9.6ms)
  Rendered layouts/_header.html.erb (0.4ms)
  Rendered layouts/_flash.html.erb (0.3ms)
  Rendered layouts/_footer.html.erb (0.3ms)
Completed 200 OK in 106ms (Views: 99.7ms | ActiveRecord: 0.4ms)


Started GET "/posts/2" for ::1 at 2023-12-24 00:35:05 +0900
Processing by PostsController#show as HTML
  Parameters: {"id"=>"2"}
  [1m[36mPost Load (0.4ms)[0m  [1m[34mSELECT  "posts".* FROM "posts" WHERE "posts"."id" = ? LIMIT ?[0m  [["id", 2], ["LIMIT", 1]]
  ↳ app/controllers/posts_controller.rb:63
  Rendering posts/show.html.erb within layouts/application
  Rendered posts/_post.html.erb (1.0ms)
  Rendered posts/show.html.erb within layouts/application (6.4ms)
  Rendered layouts/_header.html.erb (0.7ms)
  Rendered layouts/_flash.html.erb (0.7ms)
  Rendered layouts/_footer.html.erb (0.5ms)
Completed 200 OK in 134ms (Views: 127.6ms | ActiveRecord: 0.4ms)


Started GET "/posts" for ::1 at 2023-12-24 00:35:07 +0900
Processing by PostsController#index as HTML
  Rendering posts/index.html.erb within layouts/application
  [1m[36mPost Load (0.3ms)[0m  [1m[34mSELECT "posts".* FROM "posts"[0m
  ↳ app/views/posts/index.html.erb:2
  Rendered collection of posts/_post.html.erb [2 times] (0.8ms)
  Rendered posts/index.html.erb within layouts/application (8.8ms)
  Rendered layouts/_header.html.erb (0.4ms)
  Rendered layouts/_flash.html.erb (0.4ms)
  Rendered layouts/_footer.html.erb (0.2ms)
Completed 200 OK in 88ms (Views: 84.4ms | ActiveRecord: 0.3ms)


Started GET "/posts/new" for ::1 at 2023-12-24 00:35:11 +0900
Processing by PostsController#new as HTML
  Rendering posts/new.html.erb within layouts/application
  Rendered posts/_form.html.erb (2.5ms)
  Rendered posts/new.html.erb within layouts/application (7.1ms)
  Rendered layouts/_header.html.erb (0.4ms)
  Rendered layouts/_flash.html.erb (0.9ms)
  Rendered layouts/_footer.html.erb (0.2ms)
Completed 200 OK in 88ms (Views: 84.0ms | ActiveRecord: 0.0ms)


Started POST "/posts" for ::1 at 2023-12-24 00:35:21 +0900
Processing by PostsController#create as HTML
  Parameters: {"utf8"=>"✓", "authenticity_token"=>"F0FkDfwU2Qct0cfy0+MtbIPGoH02z898kh3EMacY9KvJCPS13ODp2/Nr0/ABTzCYrCOHmX3FCx+VYfRgiFWUcw==", "post"=>{"title"=>"test2", "content"=>"test2"}, "commit"=>"Create Post"}
  [1m[35m (0.0ms)[0m  [1m[36mbegin transaction[0m
  ↳ app/controllers/posts_controller.rb:27
  [1m[36mPost Create (1.0ms)[0m  [1m[32mINSERT INTO "posts" ("title", "content", "created_at", "updated_at") VALUES (?, ?, ?, ?)[0m  [["title", "test2"], ["content", "test2"], ["created_at", "2023-12-23 15:35:21.574395"], ["updated_at", "2023-12-23 15:35:21.574395"]]
  ↳ app/controllers/posts_controller.rb:27
  [1m[35m (6.6ms)[0m  [1m[36mcommit transaction[0m
  ↳ app/controllers/posts_controller.rb:27
Redirected to http://localhost:3000/posts/3
Completed 302 Found in 13ms (ActiveRecord: 7.7ms)


Started GET "/posts/3" for ::1 at 2023-12-24 00:35:21 +0900
Processing by PostsController#show as HTML
  Parameters: {"id"=>"3"}
  [1m[36mPost Load (0.3ms)[0m  [1m[34mSELECT  "posts".* FROM "posts" WHERE "posts"."id" = ? LIMIT ?[0m  [["id", 3], ["LIMIT", 1]]
  ↳ app/controllers/posts_controller.rb:63
  Rendering posts/show.html.erb within layouts/application
  Rendered posts/_post.html.erb (1.0ms)
  Rendered posts/show.html.erb within layouts/application (6.8ms)
  Rendered layouts/_header.html.erb (0.4ms)
  Rendered layouts/_flash.html.erb (0.4ms)
  Rendered layouts/_footer.html.erb (0.2ms)
Completed 200 OK in 105ms (Views: 100.1ms | ActiveRecord: 0.3ms)


Started GET "/" for ::1 at 2023-12-26 09:55:25 +0900
  [1m[35m (0.3ms)[0m  [1m[34mSELECT "schema_migrations"."version" FROM "schema_migrations" ORDER BY "schema_migrations"."version" ASC[0m
  ↳ C:/Ruby27-x64/lib/ruby/gems/2.7.0/gems/activerecord-5.2.8.1/lib/active_record/log_subscriber.rb:98
Processing by PostsController#index as HTML
  Rendering posts/index.html.erb within layouts/application
  [1m[36mPost Load (0.3ms)[0m  [1m[34mSELECT "posts".* FROM "posts"[0m
  ↳ app/views/posts/index.html.erb:2
  Rendered collection of posts/_post.html.erb [3 times] (1.3ms)
  Rendered posts/index.html.erb within layouts/application (19.0ms)
  Rendered layouts/_header.html.erb (0.7ms)
  Rendered layouts/_flash.html.erb (0.5ms)
  Rendered layouts/_footer.html.erb (0.4ms)
Completed 200 OK in 404ms (Views: 382.1ms | ActiveRecord: 2.2ms)


Started GET "/posts/1" for ::1 at 2023-12-26 09:55:34 +0900
Processing by PostsController#show as HTML
  Parameters: {"id"=>"1"}
  [1m[36mPost Load (0.4ms)[0m  [1m[34mSELECT  "posts".* FROM "posts" WHERE "posts"."id" = ? LIMIT ?[0m  [["id", 1], ["LIMIT", 1]]
  ↳ app/controllers/posts_controller.rb:63
  Rendering posts/show.html.erb within layouts/application
  Rendered posts/_post.html.erb (1.0ms)
  Rendered posts/show.html.erb within layouts/application (6.1ms)
  Rendered layouts/_header.html.erb (0.5ms)
  Rendered layouts/_flash.html.erb (1.6ms)
  Rendered layouts/_footer.html.erb (0.3ms)
Completed 200 OK in 110ms (Views: 100.2ms | ActiveRecord: 0.4ms)


Started GET "/posts" for ::1 at 2023-12-26 09:55:39 +0900
Processing by PostsController#index as HTML
  Rendering posts/index.html.erb within layouts/application
  [1m[36mPost Load (0.4ms)[0m  [1m[34mSELECT "posts".* FROM "posts"[0m
  ↳ app/views/posts/index.html.erb:2
  Rendered collection of posts/_post.html.erb [3 times] (2.0ms)
  Rendered posts/index.html.erb within layouts/application (9.8ms)
  Rendered layouts/_header.html.erb (0.4ms)
  Rendered layouts/_flash.html.erb (0.4ms)
  Rendered layouts/_footer.html.erb (0.2ms)
Completed 200 OK in 97ms (Views: 93.1ms | ActiveRecord: 0.4ms)


Started GET "/posts/new" for ::1 at 2023-12-26 09:55:41 +0900
Processing by PostsController#new as HTML
  Rendering posts/new.html.erb within layouts/application
  Rendered posts/_form.html.erb (208.8ms)
  Rendered posts/new.html.erb within layouts/application (214.5ms)
  Rendered layouts/_header.html.erb (0.7ms)
  Rendered layouts/_flash.html.erb (0.5ms)
  Rendered layouts/_footer.html.erb (0.3ms)
Completed 200 OK in 316ms (Views: 309.9ms | ActiveRecord: 0.0ms)


Started POST "/posts" for ::1 at 2023-12-26 09:55:43 +0900
Processing by PostsController#create as HTML
  Parameters: {"utf8"=>"✓", "authenticity_token"=>"rKxV0sE8ay1thXc8M9hpJQF2tI+mqArIoVJkvPhf6MbMtIvTvMIKyDuyCs1HEW6EWL5bKgupYDKRwlibEcjZOQ==", "post"=>{"title"=>"", "content"=>""}, "commit"=>"Create Post"}
  [1m[35m (0.1ms)[0m  [1m[36mbegin transaction[0m
  ↳ app/controllers/posts_controller.rb:27
  [1m[35m (0.1ms)[0m  [1m[31mrollback transaction[0m
  ↳ app/controllers/posts_controller.rb:27
  Rendering posts/new.html.erb within layouts/application
  Rendered posts/_form.html.erb (1.8ms)
  Rendered posts/new.html.erb within layouts/application (6.7ms)
  Rendered layouts/_header.html.erb (0.5ms)
  Rendered layouts/_flash.html.erb (0.4ms)
  Rendered layouts/_footer.html.erb (0.3ms)
Completed 422 Unprocessable Entity in 128ms (Views: 118.9ms | ActiveRecord: 0.1ms)


Started GET "/posts" for ::1 at 2023-12-26 09:55:45 +0900
Processing by PostsController#index as HTML
  Rendering posts/index.html.erb within layouts/application
  [1m[36mPost Load (0.4ms)[0m  [1m[34mSELECT "posts".* FROM "posts"[0m
  ↳ app/views/posts/index.html.erb:2
  Rendered collection of posts/_post.html.erb [3 times] (1.0ms)
  Rendered posts/index.html.erb within layouts/application (6.8ms)
  Rendered layouts/_header.html.erb (0.4ms)
  Rendered layouts/_flash.html.erb (0.4ms)
  Rendered layouts/_footer.html.erb (0.3ms)
Completed 200 OK in 97ms (Views: 92.1ms | ActiveRecord: 0.4ms)


Started GET "/posts/new" for ::1 at 2023-12-26 10:10:48 +0900
Processing by PostsController#new as HTML
  Rendering posts/new.html.erb within layouts/application
  Rendered posts/_form.html.erb (7.7ms)
  Rendered posts/new.html.erb within layouts/application (35.2ms)
  Rendered layouts/_header.html.erb (1.1ms)
  Rendered layouts/_flash.html.erb (5.1ms)
  Rendered layouts/_footer.html.erb (0.5ms)
Completed 200 OK in 389ms (Views: 377.5ms | ActiveRecord: 0.0ms)


Started POST "/posts" for ::1 at 2023-12-26 10:10:50 +0900
Processing by PostsController#create as HTML
  Parameters: {"utf8"=>"✓", "authenticity_token"=>"6+3JVK8CGN5HvEagCE3HzxxuS2dxUQHXd3rHDG0UvgiL9RdV0vx5OxGLO1F8hMBuRaakwtxQay1H6vsrhIOP9w==", "post"=>{"title"=>"", "content"=>""}, "commit"=>"Create Post"}
  [1m[35m (0.2ms)[0m  [1m[36mbegin transaction[0m
  ↳ app/controllers/posts_controller.rb:27
  [1m[35m (0.1ms)[0m  [1m[31mrollback transaction[0m
  ↳ app/controllers/posts_controller.rb:27
  Rendering posts/new.html.erb within layouts/application
  Rendered posts/_form.html.erb (15.7ms)
  Rendered posts/new.html.erb within layouts/application (41.1ms)
  Rendered layouts/_header.html.erb (1.1ms)
  Rendered layouts/_flash.html.erb (0.6ms)
  Rendered layouts/_footer.html.erb (0.4ms)
Completed 422 Unprocessable Entity in 445ms (Views: 341.5ms | ActiveRecord: 0.3ms)


Started GET "/posts" for ::1 at 2023-12-26 10:11:03 +0900
Processing by PostsController#index as HTML
  Rendering posts/index.html.erb within layouts/application
  [1m[36mPost Load (1.6ms)[0m  [1m[34mSELECT "posts".* FROM "posts"[0m
  ↳ app/views/posts/index.html.erb:2
  Rendered collection of posts/_post.html.erb [3 times] (2.3ms)
  Rendered posts/index.html.erb within layouts/application (20.5ms)
  Rendered layouts/_header.html.erb (1.3ms)
  Rendered layouts/_flash.html.erb (0.9ms)
  Rendered layouts/_footer.html.erb (0.4ms)
Completed 200 OK in 279ms (Views: 260.8ms | ActiveRecord: 1.6ms)


Started GET "/posts/1" for ::1 at 2023-12-26 10:11:05 +0900
Processing by PostsController#show as HTML
  Parameters: {"id"=>"1"}
  [1m[36mPost Load (0.8ms)[0m  [1m[34mSELECT  "posts".* FROM "posts" WHERE "posts"."id" = ? LIMIT ?[0m  [["id", 1], ["LIMIT", 1]]
  ↳ app/controllers/posts_controller.rb:63
  Rendering posts/show.html.erb within layouts/application
  Rendered posts/_post.html.erb (2.4ms)
  Rendered posts/show.html.erb within layouts/application (20.7ms)
  Rendered layouts/_header.html.erb (0.7ms)
  Rendered layouts/_flash.html.erb (1.5ms)
  Rendered layouts/_footer.html.erb (0.8ms)
Completed 200 OK in 359ms (Views: 305.2ms | ActiveRecord: 0.8ms)


Started GET "/posts" for ::1 at 2023-12-26 10:11:15 +0900
Processing by PostsController#index as HTML
  Rendering posts/index.html.erb within layouts/application
  [1m[36mPost Load (0.4ms)[0m  [1m[34mSELECT "posts".* FROM "posts"[0m
  ↳ app/views/posts/index.html.erb:2
  Rendered collection of posts/_post.html.erb [3 times] (3.0ms)
  Rendered posts/index.html.erb within layouts/application (17.7ms)
  Rendered layouts/_header.html.erb (0.8ms)
  Rendered layouts/_flash.html.erb (0.8ms)
  Rendered layouts/_footer.html.erb (0.5ms)
Completed 200 OK in 295ms (Views: 285.7ms | ActiveRecord: 0.4ms)


Started GET "/posts/1" for ::1 at 2023-12-26 10:11:40 +0900
Processing by PostsController#show as HTML
  Parameters: {"id"=>"1"}
  [1m[36mPost Load (0.6ms)[0m  [1m[34mSELECT  "posts".* FROM "posts" WHERE "posts"."id" = ? LIMIT ?[0m  [["id", 1], ["LIMIT", 1]]
  ↳ app/controllers/posts_controller.rb:63
  Rendering posts/show.html.erb within layouts/application
  Rendered posts/_post.html.erb (1.6ms)
  Rendered posts/show.html.erb within layouts/application (16.3ms)
  Rendered layouts/_header.html.erb (0.9ms)
  Rendered layouts/_flash.html.erb (5.2ms)
  Rendered layouts/_footer.html.erb (0.5ms)
Completed 200 OK in 430ms (Views: 376.4ms | ActiveRecord: 0.6ms)


Started GET "/posts/1/edit" for ::1 at 2023-12-26 10:11:43 +0900
Processing by PostsController#edit as HTML
  Parameters: {"id"=>"1"}
  [1m[36mPost Load (0.5ms)[0m  [1m[34mSELECT  "posts".* FROM "posts" WHERE "posts"."id" = ? LIMIT ?[0m  [["id", 1], ["LIMIT", 1]]
  ↳ app/controllers/posts_controller.rb:63
  Rendering posts/edit.html.erb within layouts/application
  Rendered posts/_form.html.erb (6.8ms)
  Rendered posts/edit.html.erb within layouts/application (50.0ms)
  Rendered layouts/_header.html.erb (1.7ms)
  Rendered layouts/_flash.html.erb (1.7ms)
  Rendered layouts/_footer.html.erb (0.7ms)
Completed 200 OK in 439ms (Views: 401.2ms | ActiveRecord: 0.5ms)


Started PATCH "/posts/1" for ::1 at 2023-12-26 10:11:53 +0900
Processing by PostsController#update as HTML
  Parameters: {"utf8"=>"✓", "authenticity_token"=>"pG6xfRFxxuKTsmEQvzGsJIv8K6lAlFguFrsFvGOqQiEJ8tbmez6QzFlN1eUBKVLnSGLFdiRC/Hb2JMYWX0LMmQ==", "post"=>{"title"=>"12", "content"=>"aaabbb"}, "commit"=>"Update Post", "id"=>"1"}
  [1m[36mPost Load (0.5ms)[0m  [1m[34mSELECT  "posts".* FROM "posts" WHERE "posts"."id" = ? LIMIT ?[0m  [["id", 1], ["LIMIT", 1]]
  ↳ app/controllers/posts_controller.rb:63
  [1m[35m (0.2ms)[0m  [1m[36mbegin transaction[0m
  ↳ app/controllers/posts_controller.rb:40
  [1m[36mPost Update (5.6ms)[0m  [1m[33mUPDATE "posts" SET "title" = ?, "content" = ?, "updated_at" = ? WHERE "posts"."id" = ?[0m  [["title", "12"], ["content", "aaabbb"], ["updated_at", "2023-12-26 01:11:53.808394"], ["id", 1]]
  ↳ app/controllers/posts_controller.rb:40
  [1m[35m (9.4ms)[0m  [1m[36mcommit transaction[0m
  ↳ app/controllers/posts_controller.rb:40
Redirected to http://localhost:3000/posts/1
Completed 302 Found in 68ms (ActiveRecord: 15.7ms)


Started GET "/posts/1" for ::1 at 2023-12-26 10:11:53 +0900
Processing by PostsController#show as HTML
  Parameters: {"id"=>"1"}
  [1m[36mPost Load (0.9ms)[0m  [1m[34mSELECT  "posts".* FROM "posts" WHERE "posts"."id" = ? LIMIT ?[0m  [["id", 1], ["LIMIT", 1]]
  ↳ app/controllers/posts_controller.rb:63
  Rendering posts/show.html.erb within layouts/application
  Rendered posts/_post.html.erb (1.5ms)
  Rendered posts/show.html.erb within layouts/application (15.6ms)
  Rendered layouts/_header.html.erb (1.2ms)
  Rendered layouts/_flash.html.erb (0.6ms)
  Rendered layouts/_footer.html.erb (1.4ms)
Completed 200 OK in 442ms (Views: 414.3ms | ActiveRecord: 0.9ms)


Started DELETE "/posts/1" for ::1 at 2023-12-26 10:12:07 +0900
Processing by PostsController#destroy as HTML
  Parameters: {"authenticity_token"=>"UHAbcY4MWvK0e0cRTr8+xDpVm4btth9eI6th24Up+AxasZ+TN5iR2M+w7KIoGoGfvm3wJQ1wZZMUiRRf5MYnLQ==", "id"=>"1"}
  [1m[36mPost Load (0.8ms)[0m  [1m[34mSELECT  "posts".* FROM "posts" WHERE "posts"."id" = ? LIMIT ?[0m  [["id", 1], ["LIMIT", 1]]
  ↳ app/controllers/posts_controller.rb:63
  [1m[35m (0.2ms)[0m  [1m[36mbegin transaction[0m
  ↳ app/controllers/posts_controller.rb:52
  [1m[36mPost Destroy (3.6ms)[0m  [1m[31mDELETE FROM "posts" WHERE "posts"."id" = ?[0m  [["id", 1]]
  ↳ app/controllers/posts_controller.rb:52
  [1m[35m (9.9ms)[0m  [1m[36mcommit transaction[0m
  ↳ app/controllers/posts_controller.rb:52
Redirected to http://localhost:3000/posts
Completed 302 Found in 73ms (ActiveRecord: 14.4ms)


Started GET "/posts" for ::1 at 2023-12-26 10:12:07 +0900
Processing by PostsController#index as HTML
  Rendering posts/index.html.erb within layouts/application
  [1m[36mPost Load (0.5ms)[0m  [1m[34mSELECT "posts".* FROM "posts"[0m
  ↳ app/views/posts/index.html.erb:2
  Rendered collection of posts/_post.html.erb [2 times] (1.5ms)
  Rendered posts/index.html.erb within layouts/application (14.2ms)
  Rendered layouts/_header.html.erb (0.8ms)
  Rendered layouts/_flash.html.erb (3.8ms)
  Rendered layouts/_footer.html.erb (0.6ms)
Completed 200 OK in 372ms (Views: 337.8ms | ActiveRecord: 0.5ms)


Started GET "/posts/new" for ::1 at 2023-12-26 10:12:15 +0900
Processing by PostsController#new as HTML
  Rendering posts/new.html.erb within layouts/application
  Rendered posts/_form.html.erb (8.3ms)
  Rendered posts/new.html.erb within layouts/application (33.6ms)
  Rendered layouts/_header.html.erb (1.0ms)
  Rendered layouts/_flash.html.erb (1.6ms)
  Rendered layouts/_footer.html.erb (0.7ms)
Completed 200 OK in 374ms (Views: 365.9ms | ActiveRecord: 0.0ms)


Started POST "/posts" for ::1 at 2023-12-26 10:12:20 +0900
Processing by PostsController#create as HTML
  Parameters: {"utf8"=>"✓", "authenticity_token"=>"HZENRE2AQIPQUl9cSTheyWJ2DofRXuMt/2PTWCTZmHF9idNFMH4hZoZlIq098VloO77hInxfidfP8+9/zU6pjg==", "post"=>{"title"=>"1", "content"=>"test"}, "commit"=>"Create Post"}
  [1m[35m (0.1ms)[0m  [1m[36mbegin transaction[0m
  ↳ app/controllers/posts_controller.rb:27
  [1m[36mPost Create (2.8ms)[0m  [1m[32mINSERT INTO "posts" ("title", "content", "created_at", "updated_at") VALUES (?, ?, ?, ?)[0m  [["title", "1"], ["content", "test"], ["created_at", "2023-12-26 01:12:20.306515"], ["updated_at", "2023-12-26 01:12:20.306515"]]
  ↳ app/controllers/posts_controller.rb:27
  [1m[35m (5.8ms)[0m  [1m[36mcommit transaction[0m
  ↳ app/controllers/posts_controller.rb:27
Redirected to http://localhost:3000/posts/4
Completed 302 Found in 56ms (ActiveRecord: 8.6ms)


Started GET "/posts/4" for ::1 at 2023-12-26 10:12:20 +0900
Processing by PostsController#show as HTML
  Parameters: {"id"=>"4"}
  [1m[36mPost Load (0.3ms)[0m  [1m[34mSELECT  "posts".* FROM "posts" WHERE "posts"."id" = ? LIMIT ?[0m  [["id", 4], ["LIMIT", 1]]
  ↳ app/controllers/posts_controller.rb:63
  Rendering posts/show.html.erb within layouts/application
  Rendered posts/_post.html.erb (2.3ms)
  Rendered posts/show.html.erb within layouts/application (30.6ms)
  Rendered layouts/_header.html.erb (2.2ms)
  Rendered layouts/_flash.html.erb (0.7ms)
  Rendered layouts/_footer.html.erb (5.4ms)
Completed 200 OK in 501ms (Views: 431.5ms | ActiveRecord: 0.3ms)


Started GET "/posts" for ::1 at 2023-12-26 10:12:27 +0900
Processing by PostsController#index as HTML
  Rendering posts/index.html.erb within layouts/application
  [1m[36mPost Load (0.4ms)[0m  [1m[34mSELECT "posts".* FROM "posts"[0m
  ↳ app/views/posts/index.html.erb:2
  Rendered collection of posts/_post.html.erb [3 times] (23.0ms)
  Rendered posts/index.html.erb within layouts/application (89.5ms)
  Rendered layouts/_header.html.erb (0.7ms)
  Rendered layouts/_flash.html.erb (0.6ms)
  Rendered layouts/_footer.html.erb (0.4ms)
Completed 200 OK in 320ms (Views: 305.8ms | ActiveRecord: 0.4ms)


Started GET "/posts" for ::1 at 2023-12-26 10:12:36 +0900
Processing by PostsController#index as HTML
  Rendering posts/index.html.erb within layouts/application
  [1m[36mPost Load (0.6ms)[0m  [1m[34mSELECT "posts".* FROM "posts"[0m
  ↳ app/views/posts/index.html.erb:2
  Rendered collection of posts/_post.html.erb [3 times] (7.4ms)
  Rendered posts/index.html.erb within layouts/application (65.9ms)
  Rendered layouts/_header.html.erb (1.0ms)
  Rendered layouts/_flash.html.erb (0.4ms)
  Rendered layouts/_footer.html.erb (0.7ms)
Completed 200 OK in 301ms (Views: 295.6ms | ActiveRecord: 0.6ms)


Started GET "/posts" for ::1 at 2023-12-26 10:12:41 +0900
Processing by PostsController#index as HTML
  Rendering posts/index.html.erb within layouts/application
  [1m[36mPost Load (0.4ms)[0m  [1m[34mSELECT "posts".* FROM "posts"[0m
  ↳ app/views/posts/index.html.erb:2
  Rendered collection of posts/_post.html.erb [3 times] (8.4ms)
  Rendered posts/index.html.erb within layouts/application (45.8ms)
  Rendered layouts/_header.html.erb (0.7ms)
  Rendered layouts/_flash.html.erb (0.8ms)
  Rendered layouts/_footer.html.erb (0.3ms)
Completed 200 OK in 312ms (Views: 295.1ms | ActiveRecord: 0.4ms)


Started GET "/posts" for ::1 at 2023-12-26 10:12:47 +0900
Processing by PostsController#index as HTML
  Rendering posts/index.html.erb within layouts/application
  [1m[36mPost Load (0.5ms)[0m  [1m[34mSELECT "posts".* FROM "posts"[0m
  ↳ app/views/posts/index.html.erb:2
  Rendered collection of posts/_post.html.erb [3 times] (2.1ms)
  Rendered posts/index.html.erb within layouts/application (26.3ms)
  Rendered layouts/_header.html.erb (1.2ms)
  Rendered layouts/_flash.html.erb (0.9ms)
  Rendered layouts/_footer.html.erb (0.8ms)
Completed 200 OK in 332ms (Views: 318.1ms | ActiveRecord: 0.5ms)


